<?xml version="1.0" encoding="UTF-8"?>
<testng-results ignored="0" total="1" passed="1" failed="0" skipped="0">
  <reporter-output>
  </reporter-output>
  <suite started-at="2024-11-22T11:08:17 EST" name="TestSuite" finished-at="2024-11-22T11:08:41 EST" duration-ms="23850">
    <groups>
      <group name="Master">
        <method signature="TC6_EndToEndTest.executeEndToEndTest()[pri:0, instance:testcases.TC6_EndToEndTest@222a59e6]" name="executeEndToEndTest" class="testcases.TC6_EndToEndTest"/>
      </group> <!-- Master -->
    </groups>
    <test started-at="2024-11-22T11:08:17 EST" name="windows-chrome" finished-at="2024-11-22T11:08:41 EST" duration-ms="23850">
      <class name="testcases.TC6_EndToEndTest">
        <test-method is-config="true" signature="setUp(java.lang.String,java.lang.String)[pri:0, instance:testcases.TC6_EndToEndTest@222a59e6]" started-at="2024-11-22T11:08:17 EST" name="setUp" finished-at="2024-11-22T11:08:19 EST" duration-ms="1998" status="PASS">
          <params>
            <param index="0">
              <value>
                <![CDATA[windows]]>
              </value>
            </param>
            <param index="1">
              <value>
                <![CDATA[chrome]]>
              </value>
            </param>
          </params>
          <reporter-output>
          </reporter-output>
        </test-method> <!-- setUp -->
        <test-method signature="executeEndToEndTest()[pri:0, instance:testcases.TC6_EndToEndTest@222a59e6]" started-at="2024-11-22T11:08:19 EST" name="executeEndToEndTest" finished-at="2024-11-22T11:08:40 EST" duration-ms="21215" status="PASS">
          <reporter-output>
          </reporter-output>
        </test-method> <!-- executeEndToEndTest -->
        <test-method is-config="true" signature="tearDown()[pri:0, instance:testcases.TC6_EndToEndTest@222a59e6]" started-at="2024-11-22T11:08:41 EST" name="tearDown" finished-at="2024-11-22T11:08:41 EST" duration-ms="327" status="PASS">
          <reporter-output>
          </reporter-output>
        </test-method> <!-- tearDown -->
      </class> <!-- testcases.TC6_EndToEndTest -->
    </test> <!-- windows-chrome -->
  </suite> <!-- TestSuite -->
</testng-results>
