<?xml version="1.0" encoding="UTF-8"?>
<!-- Generated by org.testng.reporters.JUnitXMLReporter -->
<testsuite ignored="0" hostname="Azizul-Hoque" failures="0" tests="2" name="windows-edge" time="1.758" errors="0" timestamp="2024-11-21T23:14:35 EST">
  <testcase classname="testcases.TC1_Registration" name="testUserRegistration" time="0.0">
    <skipped/>
  </testcase> <!-- testUserRegistration -->
  <testcase classname="testcases.TC2_Login" name="testLoginWithValidCredentials" time="0.0">
    <skipped/>
  </testcase> <!-- testLoginWithValidCredentials -->
</testsuite> <!-- windows-edge -->
